#
# There is insufficient memory for the Java Runtime Environment to continue.
# Native memory allocation (malloc) failed to allocate 1048576 bytes for AllocateHeap
# Possible reasons:
#   The system is out of physical RAM or swap space
#   In 32 bit mode, the process size limit was hit
# Possible solutions:
#   Reduce memory load on the system
#   Increase physical memory or swap space
#   Check if swap backing store is full
#   Use 64 bit Java on a 64 bit OS
#   Decrease Java heap size (-Xmx/-Xms)
#   Decrease number of Java threads
#   Decrease Java thread stack sizes (-Xss)
#   Set larger code cache with -XX:ReservedCodeCacheSize=
# This output file may be truncated or incomplete.
#
#  Out of Memory Error (memory/allocation.inline.hpp:61), pid=6880, tid=0x0000000000001c38
#
# JRE version:  (8.0_152-b02) (build )
# Java VM: OpenJDK 64-Bit Server VM (25.152-b02 mixed mode windows-amd64 compressed oops)
# Failed to write core dump. Minidumps are not enabled by default on client versions of Windows
#

---------------  T H R E A D  ---------------

Current thread (0x00000000026d3000):  JavaThread "Unknown thread" [_thread_in_vm, id=7224, stack(0x0000000002550000,0x0000000002650000)]

Stack: [0x0000000002550000,0x0000000002650000]
[error occurred during error reporting (printing stack bounds), id 0xc0000005]

Native frames: (J=compiled Java code, j=interpreted, Vv=VM code, C=native code)


---------------  P R O C E S S  ---------------

Java Threads: ( => current thread )

Other Threads:

=>0x00000000026d3000 (exited) JavaThread "Unknown thread" [_thread_in_vm, id=7224, stack(0x0000000002550000,0x0000000002650000)]

VM state:not at safepoint (normal execution)

VM Mutex/Monitor currently owned by a thread: None

Heap:
 PSYoungGen      total 18944K, used 327K [0x00000000feb00000, 0x0000000100000000, 0x0000000100000000)
  eden space 16384K, 2% used [0x00000000feb00000,0x00000000feb51ec8,0x00000000ffb00000)
  from space 2560K, 0% used [0x00000000ffd80000,0x00000000ffd80000,0x0000000100000000)
  to   space 2560K, 0% used [0x00000000ffb00000,0x00000000ffb00000,0x00000000ffd80000)
 ParOldGen       total 44032K, used 0K [0x00000000fc000000, 0x00000000feb00000, 0x00000000feb00000)
  object space 44032K, 0% used [0x00000000fc000000,0x00000000fc000000,0x00000000feb00000)
 Metaspace       used 772K, capacity 4480K, committed 4480K, reserved 1056768K
  class space    used 73K, capacity 384K, committed 384K, reserved 1048576K

Card table byte_map: [0x0000000002500000,0x0000000002530000] byte_map_base: 0x0000000001d20000

Marking Bits: (ParMarkBitMap*) 0x00000000642f4970
 Begin Bits: [0x0000000011f90000, 0x0000000012090000)
 End Bits:   [0x0000000012090000, 0x0000000012190000)

Polling page: 0x0000000000830000

CodeCache: size=245760Kb used=328Kb max_used=328Kb free=245431Kb
 bounds [0x00000000027d0000, 0x0000000002a40000, 0x00000000117d0000]
 total_blobs=57 nmethods=0 adapters=38
 compilation: enabled

Compilation events (0 events):
No events

GC Heap History (0 events):
No events

Deoptimization events (0 events):
No events

Classes redefined (0 events):
No events

Internal exceptions (0 events):
No events

Events (10 events):
Event: 0.019 loading class java/lang/Short
Event: 0.020 loading class java/lang/Short done
Event: 0.020 loading class java/lang/Integer
Event: 0.020 loading class java/lang/Integer done
Event: 0.020 loading class java/lang/Long
Event: 0.020 loading class java/lang/Long done
Event: 0.020 loading class java/lang/NullPointerException
Event: 0.020 loading class java/lang/NullPointerException done
Event: 0.020 loading class java/lang/ArithmeticException
Event: 0.020 loading class java/lang/ArithmeticException done


Dynamic libraries:
0x00007ff788250000 - 0x00007ff788281000 	C:\Program Files\Android\Android Studio\jre\bin\java.exe
0x00007fff73ca0000 - 0x00007fff73e81000 	C:\WINDOWS\SYSTEM32\ntdll.dll
0x00007fff72570000 - 0x00007fff72622000 	C:\WINDOWS\System32\KERNEL32.DLL
0x00007fff70740000 - 0x00007fff709b3000 	C:\WINDOWS\System32\KERNELBASE.dll
0x00007fff719d0000 - 0x00007fff71a71000 	C:\WINDOWS\System32\ADVAPI32.dll
0x00007fff71880000 - 0x00007fff7191e000 	C:\WINDOWS\System32\msvcrt.dll
0x00007fff72180000 - 0x00007fff721db000 	C:\WINDOWS\System32\sechost.dll
0x00007fff71180000 - 0x00007fff712a4000 	C:\WINDOWS\System32\RPCRT4.dll
0x00007fff71fe0000 - 0x00007fff72170000 	C:\WINDOWS\System32\USER32.dll
0x00007fff70720000 - 0x00007fff70740000 	C:\WINDOWS\System32\win32u.dll
0x00007fff71920000 - 0x00007fff71948000 	C:\WINDOWS\System32\GDI32.dll
0x00007fff702b0000 - 0x00007fff70442000 	C:\WINDOWS\System32\gdi32full.dll
0x00007fff70680000 - 0x00007fff7071f000 	C:\WINDOWS\System32\msvcp_win.dll
0x00007fff70580000 - 0x00007fff7067a000 	C:\WINDOWS\System32\ucrtbase.dll
0x00007fff675d0000 - 0x00007fff67839000 	C:\WINDOWS\WinSxS\amd64_microsoft.windows.common-controls_6595b64144ccf1df_6.0.17134.191_none_fb3e94b130690543\COMCTL32.dll
0x00007fff72240000 - 0x00007fff72563000 	C:\WINDOWS\System32\combase.dll
0x00007fff70450000 - 0x00007fff704ca000 	C:\WINDOWS\System32\bcryptPrimitives.dll
0x00007fff71130000 - 0x00007fff7115d000 	C:\WINDOWS\System32\IMM32.DLL
0x0000000061850000 - 0x0000000061922000 	C:\Program Files\Android\Android Studio\jre\jre\bin\msvcr100.dll
0x0000000063b30000 - 0x000000006436f000 	C:\Program Files\Android\Android Studio\jre\jre\bin\server\jvm.dll
0x00007fff72170000 - 0x00007fff72178000 	C:\WINDOWS\System32\PSAPI.DLL
0x00007fff60d40000 - 0x00007fff60d49000 	C:\WINDOWS\SYSTEM32\WSOCK32.dll
0x00007fff6dd00000 - 0x00007fff6dd23000 	C:\WINDOWS\SYSTEM32\WINMM.dll
0x00007fff68bd0000 - 0x00007fff68bda000 	C:\WINDOWS\SYSTEM32\VERSION.dll
0x00007fff71810000 - 0x00007fff7187c000 	C:\WINDOWS\System32\WS2_32.dll
0x00007fff6dcd0000 - 0x00007fff6dcfa000 	C:\WINDOWS\SYSTEM32\winmmbase.dll
0x00007fff70260000 - 0x00007fff702a9000 	C:\WINDOWS\System32\cfgmgr32.dll
0x00007fff65810000 - 0x00007fff6581f000 	C:\Program Files\Android\Android Studio\jre\jre\bin\verify.dll
0x00007fff65650000 - 0x00007fff65679000 	C:\Program Files\Android\Android Studio\jre\jre\bin\java.dll
0x00007fff51220000 - 0x00007fff51236000 	C:\Program Files\Android\Android Studio\jre\jre\bin\zip.dll

VM Arguments:
jvm_args: -Djava.awt.headless=true -Xmx64M -Dfile.encoding=windows-1252 -Duser.country=BE -Duser.language=fr -Duser.variant 
java_command: com.google.devtools.build.android.desugar.Desugar --input C:\wignyTony\app\build\intermediates\classes\debug --output C:\wignyTony\app\build\intermediates\transforms\desugar\debug\0 --classpath_entry C:\wignyTony\app\build\intermediates\classes\debug --classpath_entry C:\wignyTony\app\build\intermediates\transforms\stackFramesFixer\debug\14.jar --classpath_entry C:\wignyTony\app\build\intermediates\transforms\stackFramesFixer\debug\19.jar --classpath_entry C:\wignyTony\app\build\intermediates\transforms\stackFramesFixer\debug\20.jar --classpath_entry C:\wignyTony\app\build\intermediates\transforms\stackFramesFixer\debug\22.jar --classpath_entry C:\wignyTony\app\build\intermediates\transforms\stackFramesFixer\debug\1.jar --classpath_entry C:\wignyTony\app\build\intermediates\transforms\stackFramesFixer\debug\12.jar --classpath_entry C:\wignyTony\app\build\intermediates\transforms\stackFramesFixer\debug\3.jar --classpath_entry C:\wignyTony\app\build\intermediates\transforms\stackFramesFixer\debug\11.jar --classpath_entry C:\wignyTony\app\build\intermediates\transforms\stackFramesFixer\debug\9.jar --classpath_entry C:\wignyTony\app\build\intermediates\transforms\stackFramesFixer\debug\17.jar --classpath_entry C:\wignyTony\app\build\intermediates\transforms\stackFramesFixer\debug\15.jar --classpath_entry C:\wignyTony\app\build\intermediates\transforms\stackFramesFixer\debug\7.jar --classpath_entry C:\wignyTony\app\build\intermediates\transforms\stackFramesFixer\debug\13.jar --classpath_entry C:\wignyTony\app\build\intermediates\transforms\stackFramesFixer\debug\5.jar --classpath_entry C:\wignyTony\app\build\intermediates\transforms\stackFramesFixer\debug\0.jar --classpath_entry C:\wignyTony\app\build\intermediates\transforms\stackFramesFixer\debug\10.jar --classpath_entry C:\wignyTony\app\build\intermediates\transforms\stackFramesFixer\debug\21.jar --classpath_entry C:\wignyTony\app\build\intermediates\transforms\stackFramesFixer\debug\2.jar --classpath_
java_class_path (initial): C:\Users\kossolax\AppData\Local\Temp\desugar_deploy.jar5491918574772588117
Launcher Type: SUN_STANDARD

Environment Variables:
PATH=C:\WINDOWS\System32\QtForCordial;C:\ProgramData\Oracle\Java\javapath;C:\Program Files (x86)\NVIDIA Corporation\PhysX\Common;%SystemRoot%\system32;%SystemRoot%;%SystemRoot%\System32\Wbem;%SYSTEMROOT%\System32\WindowsPowerShell\v1.0\;C:\Program Files\TortoiseSVN\bin;C:\Program Files (x86)\Druide\Antidote 9\Application\Bin64\;C:\Program Files (x86)\Druide\Antidote 9\Application\Bin32\;C:\Program Files\nodejs\;C:\Program Files\MiKTeX 2.9\miktex\bin\x64\;%SYSTEMROOT%\System32\OpenSSH\;C:\Users\kossolax\AppData\Local\Microsoft\WindowsApps;C:\Program Files (x86)\Microsoft VS Code\bin;C:\Users\kossolax\AppData\Roaming\npm;C:\Users\kossolax\AppData\Roaming\MiKTeX\2.9\miktex\bin\x64\;
USERNAME=kossolax
OS=Windows_NT
PROCESSOR_IDENTIFIER=Intel64 Family 6 Model 58 Stepping 9, GenuineIntel



---------------  S Y S T E M  ---------------

OS: Windows 10.0 , 64 bit Build 17134 (10.0.17134.1)

CPU:total 4 (initial active 4) (2 cores per cpu, 2 threads per core) family 6 model 58 stepping 9, cmov, cx8, fxsr, mmx, sse, sse2, sse3, ssse3, sse4.1, sse4.2, popcnt, avx, aes, clmul, erms, ht, tsc, tscinvbit, tscinv

Memory: 4k page, physical 8276428k(1190104k free), swap 8276428k(5352k free)

vm_info: OpenJDK 64-Bit Server VM (25.152-b02) for windows-amd64 JRE (1.8.0_152-release-1024-b02), built by "builder" with MS VC++ 10.0 (VS2010)

time: Sat Aug 11 13:30:42 2018
elapsed time: 0 seconds (0d 0h 0m 0s)

