#
# There is insufficient memory for the Java Runtime Environment to continue.
# Native memory allocation (malloc) failed to allocate 2122304 bytes for Chunk::new
# Possible reasons:
#   The system is out of physical RAM or swap space
#   In 32 bit mode, the process size limit was hit
# Possible solutions:
#   Reduce memory load on the system
#   Increase physical memory or swap space
#   Check if swap backing store is full
#   Use 64 bit Java on a 64 bit OS
#   Decrease Java heap size (-Xmx/-Xms)
#   Decrease number of Java threads
#   Decrease Java thread stack sizes (-Xss)
#   Set larger code cache with -XX:ReservedCodeCacheSize=
# This output file may be truncated or incomplete.
#
#  Out of Memory Error (allocation.cpp:390), pid=9572, tid=0x0000000000002508
#
# JRE version: OpenJDK Runtime Environment (8.0_152-b02) (build 1.8.0_152-release-1024-b02)
# Java VM: OpenJDK 64-Bit Server VM (25.152-b02 mixed mode windows-amd64 compressed oops)
# Failed to write core dump. Minidumps are not enabled by default on client versions of Windows
#

---------------  T H R E A D  ---------------

Current thread (0x0000000012950800):  JavaThread "C2 CompilerThread1" daemon [_thread_in_native, id=9480, stack(0x00000000141e0000,0x00000000142e0000)]

Stack: [0x00000000141e0000,0x00000000142e0000]
[error occurred during error reporting (printing stack bounds), id 0xc0000005]

Native frames: (J=compiled Java code, j=interpreted, Vv=VM code, C=native code)


Current CompileTask:
C2:   1744  827       4       org.objectweb.asm.ClassReader::readCode (3575 bytes)


---------------  P R O C E S S  ---------------

Java Threads: ( => current thread )
  0x0000000017102000 JavaThread "Thread-0" [_thread_in_native, id=1836, stack(0x00000000189f0000,0x0000000018af0000)]
  0x00000000024f4000 JavaThread "DestroyJavaVM" [_thread_blocked, id=5184, stack(0x0000000002390000,0x0000000002490000)]
  0x00000000129ae800 JavaThread "Service Thread" daemon [_thread_blocked, id=10892, stack(0x00000000147e0000,0x00000000148e0000)]
  0x000000001295e000 JavaThread "C1 CompilerThread2" daemon [_thread_blocked, id=5388, stack(0x00000000142e0000,0x00000000143e0000)]
=>0x0000000012950800 JavaThread "C2 CompilerThread1" daemon [_thread_in_native, id=9480, stack(0x00000000141e0000,0x00000000142e0000)]
  0x000000001295b000 JavaThread "C2 CompilerThread0" daemon [_thread_in_native, id=7460, stack(0x00000000140e0000,0x00000000141e0000)]
  0x0000000012958800 JavaThread "Attach Listener" daemon [_thread_blocked, id=9956, stack(0x0000000013fe0000,0x00000000140e0000)]
  0x0000000012957800 JavaThread "Signal Dispatcher" daemon [_thread_blocked, id=11320, stack(0x0000000013ee0000,0x0000000013fe0000)]
  0x0000000012938000 JavaThread "Finalizer" daemon [_thread_blocked, id=2100, stack(0x0000000013bc0000,0x0000000013cc0000)]
  0x00000000025e3800 JavaThread "Reference Handler" daemon [_thread_blocked, id=9824, stack(0x0000000013ac0000,0x0000000013bc0000)]

Other Threads:
  0x0000000012915000 VMThread [stack: 0x00000000139c0000,0x0000000013ac0000] [id=7764]
  0x000000001440c800 WatcherThread [stack: 0x00000000148e0000,0x00000000149e0000] [id=3984]

VM state:not at safepoint (normal execution)

VM Mutex/Monitor currently owned by a thread: None

Heap:
 PSYoungGen      total 14848K, used 1370K [0x00000000feb00000, 0x0000000100000000, 0x0000000100000000)
  eden space 8192K, 13% used [0x00000000feb00000,0x00000000fec1e9b0,0x00000000ff300000)
  from space 6656K, 3% used [0x00000000ff300000,0x00000000ff338000,0x00000000ff980000)
  to   space 6656K, 0% used [0x00000000ff980000,0x00000000ff980000,0x0000000100000000)
 ParOldGen       total 44032K, used 7775K [0x00000000fc000000, 0x00000000feb00000, 0x00000000feb00000)
  object space 44032K, 17% used [0x00000000fc000000,0x00000000fc797de0,0x00000000feb00000)
 Metaspace       used 8052K, capacity 8292K, committed 8448K, reserved 1056768K
  class space    used 909K, capacity 1002K, committed 1024K, reserved 1048576K

Card table byte_map: [0x00000000009b0000,0x00000000009e0000] byte_map_base: 0x00000000001d0000

Marking Bits: (ParMarkBitMap*) 0x000000005a7f4970
 Begin Bits: [0x0000000011db0000, 0x0000000011eb0000)
 End Bits:   [0x0000000011eb0000, 0x0000000011fb0000)

Polling page: 0x0000000000570000

CodeCache: size=245760Kb used=4354Kb max_used=4354Kb free=241405Kb
 bounds [0x00000000025f0000, 0x0000000002a40000, 0x00000000115f0000]
 total_blobs=1566 nmethods=1233 adapters=246
 compilation: enabled

Compilation events (10 events):
Event: 1.642 Thread 0x000000001295e000 1247       2       com.google.devtools.build.android.desugar.DependencyCollector::recordExtendedInterfaces (1 bytes)
Event: 1.642 Thread 0x000000001295e000 nmethod 1247 0x0000000002a32950 code [0x0000000002a32aa0, 0x0000000002a32bf0]
Event: 1.653 Thread 0x000000001295e000 1248       2       org.objectweb.asm.tree.MethodNode::visitLdcInsn (16 bytes)
Event: 1.653 Thread 0x000000001295e000 nmethod 1248 0x0000000002a32c90 code [0x0000000002a32e00, 0x0000000002a33008]
Event: 1.653 Thread 0x000000001295e000 1249       2       org.objectweb.asm.tree.LdcInsnNode::<init> (12 bytes)
Event: 1.654 Thread 0x000000001295e000 nmethod 1249 0x0000000002a33110 code [0x0000000002a33260, 0x0000000002a333d0]
Event: 1.654 Thread 0x000000001295e000 1250       2       org.objectweb.asm.tree.LdcInsnNode::accept (14 bytes)
Event: 1.654 Thread 0x000000001295e000 nmethod 1250 0x0000000002a33450 code [0x0000000002a335c0, 0x0000000002a33778]
Event: 1.664 Thread 0x000000001295e000 1251       2       com.google.common.collect.Iterators$11::next (25 bytes)
Event: 1.664 Thread 0x000000001295e000 nmethod 1251 0x0000000002a33850 code [0x0000000002a339c0, 0x0000000002a33bc8]

GC Heap History (10 events):
Event: 1.400 GC heap before
{Heap before GC invocations=5 (full 0):
 PSYoungGen      total 18944K, used 18938K [0x00000000feb00000, 0x0000000100000000, 0x0000000100000000)
  eden space 16384K, 100% used [0x00000000feb00000,0x00000000ffb00000,0x00000000ffb00000)
  from space 2560K, 99% used [0x00000000ffd80000,0x00000000ffffe830,0x0000000100000000)
  to   space 2560K, 0% used [0x00000000ffb00000,0x00000000ffb00000,0x00000000ffd80000)
 ParOldGen       total 44032K, used 4996K [0x00000000fc000000, 0x00000000feb00000, 0x00000000feb00000)
  object space 44032K, 11% used [0x00000000fc000000,0x00000000fc4e12b0,0x00000000feb00000)
 Metaspace       used 7988K, capacity 8228K, committed 8448K, reserved 1056768K
  class space    used 902K, capacity 1002K, committed 1024K, reserved 1048576K
Event: 1.406 GC heap after
Heap after GC invocations=5 (full 0):
 PSYoungGen      total 18944K, used 2554K [0x00000000feb00000, 0x0000000100000000, 0x0000000100000000)
  eden space 16384K, 0% used [0x00000000feb00000,0x00000000feb00000,0x00000000ffb00000)
  from space 2560K, 99% used [0x00000000ffb00000,0x00000000ffd7e830,0x00000000ffd80000)
  to   space 2560K, 0% used [0x00000000ffd80000,0x00000000ffd80000,0x0000000100000000)
 ParOldGen       total 44032K, used 5236K [0x00000000fc000000, 0x00000000feb00000, 0x00000000feb00000)
  object space 44032K, 11% used [0x00000000fc000000,0x00000000fc51d2b0,0x00000000feb00000)
 Metaspace       used 7988K, capacity 8228K, committed 8448K, reserved 1056768K
  class space    used 902K, capacity 1002K, committed 1024K, reserved 1048576K
}
Event: 1.528 GC heap before
{Heap before GC invocations=6 (full 0):
 PSYoungGen      total 18944K, used 18938K [0x00000000feb00000, 0x0000000100000000, 0x0000000100000000)
  eden space 16384K, 100% used [0x00000000feb00000,0x00000000ffb00000,0x00000000ffb00000)
  from space 2560K, 99% used [0x00000000ffb00000,0x00000000ffd7e830,0x00000000ffd80000)
  to   space 2560K, 0% used [0x00000000ffd80000,0x00000000ffd80000,0x0000000100000000)
 ParOldGen       total 44032K, used 5236K [0x00000000fc000000, 0x00000000feb00000, 0x00000000feb00000)
  object space 44032K, 11% used [0x00000000fc000000,0x00000000fc51d2b0,0x00000000feb00000)
 Metaspace       used 8012K, capacity 8228K, committed 8448K, reserved 1056768K
  class space    used 904K, capacity 1002K, committed 1024K, reserved 1048576K
Event: 1.533 GC heap after
Heap after GC invocations=6 (full 0):
 PSYoungGen      total 11776K, used 2539K [0x00000000feb00000, 0x0000000100000000, 0x0000000100000000)
  eden space 9216K, 0% used [0x00000000feb00000,0x00000000feb00000,0x00000000ff400000)
  from space 2560K, 99% used [0x00000000ffd80000,0x00000000ffffaed0,0x0000000100000000)
  to   space 6144K, 0% used [0x00000000ff400000,0x00000000ff400000,0x00000000ffa00000)
 ParOldGen       total 44032K, used 5436K [0x00000000fc000000, 0x00000000feb00000, 0x00000000feb00000)
  object space 44032K, 12% used [0x00000000fc000000,0x00000000fc54f2b0,0x00000000feb00000)
 Metaspace       used 8012K, capacity 8228K, committed 8448K, reserved 1056768K
  class space    used 904K, capacity 1002K, committed 1024K, reserved 1048576K
}
Event: 1.591 GC heap before
{Heap before GC invocations=7 (full 0):
 PSYoungGen      total 11776K, used 11755K [0x00000000feb00000, 0x0000000100000000, 0x0000000100000000)
  eden space 9216K, 100% used [0x00000000feb00000,0x00000000ff400000,0x00000000ff400000)
  from space 2560K, 99% used [0x00000000ffd80000,0x00000000ffffaed0,0x0000000100000000)
  to   space 6144K, 0% used [0x00000000ff400000,0x00000000ff400000,0x00000000ffa00000)
 ParOldGen       total 44032K, used 5436K [0x00000000fc000000, 0x00000000feb00000, 0x00000000feb00000)
  object space 44032K, 12% used [0x00000000fc000000,0x00000000fc54f2b0,0x00000000feb00000)
 Metaspace       used 8023K, capacity 8292K, committed 8448K, reserved 1056768K
  class space    used 904K, capacity 1002K, committed 1024K, reserved 1048576K
Event: 1.600 GC heap after
Heap after GC invocations=7 (full 0):
 PSYoungGen      total 9728K, used 480K [0x00000000feb00000, 0x0000000100000000, 0x0000000100000000)
  eden space 9216K, 0% used [0x00000000feb00000,0x00000000feb00000,0x00000000ff400000)
  from space 512K, 93% used [0x00000000ff400000,0x00000000ff478000,0x00000000ff480000)
  to   space 6656K, 0% used [0x00000000ff980000,0x00000000ff980000,0x0000000100000000)
 ParOldGen       total 44032K, used 7575K [0x00000000fc000000, 0x00000000feb00000, 0x00000000feb00000)
  object space 44032K, 17% used [0x00000000fc000000,0x00000000fc765dd0,0x00000000feb00000)
 Metaspace       used 8023K, capacity 8292K, committed 8448K, reserved 1056768K
  class space    used 904K, capacity 1002K, committed 1024K, reserved 1048576K
}
Event: 1.665 GC heap before
{Heap before GC invocations=8 (full 0):
 PSYoungGen      total 9728K, used 9696K [0x00000000feb00000, 0x0000000100000000, 0x0000000100000000)
  eden space 9216K, 100% used [0x00000000feb00000,0x00000000ff400000,0x00000000ff400000)
  from space 512K, 93% used [0x00000000ff400000,0x00000000ff478000,0x00000000ff480000)
  to   space 6656K, 0% used [0x00000000ff980000,0x00000000ff980000,0x0000000100000000)
 ParOldGen       total 44032K, used 7575K [0x00000000fc000000, 0x00000000feb00000, 0x00000000feb00000)
  object space 44032K, 17% used [0x00000000fc000000,0x00000000fc765dd0,0x00000000feb00000)
 Metaspace       used 8027K, capacity 8292K, committed 8448K, reserved 1056768K
  class space    used 904K, capacity 1002K, committed 1024K, reserved 1048576K
Event: 1.666 GC heap after
Heap after GC invocations=8 (full 0):
 PSYoungGen      total 14848K, used 504K [0x00000000feb00000, 0x0000000100000000, 0x0000000100000000)
  eden space 8192K, 0% used [0x00000000feb00000,0x00000000feb00000,0x00000000ff300000)
  from space 6656K, 7% used [0x00000000ff980000,0x00000000ff9fe260,0x0000000100000000)
  to   space 6656K, 0% used [0x00000000ff300000,0x00000000ff300000,0x00000000ff980000)
 ParOldGen       total 44032K, used 7663K [0x00000000fc000000, 0x00000000feb00000, 0x00000000feb00000)
  object space 44032K, 17% used [0x00000000fc000000,0x00000000fc77bdd0,0x00000000feb00000)
 Metaspace       used 8027K, capacity 8292K, committed 8448K, reserved 1056768K
  class space    used 904K, capacity 1002K, committed 1024K, reserved 1048576K
}
Event: 1.722 GC heap before
{Heap before GC invocations=9 (full 0):
 PSYoungGen      total 14848K, used 8696K [0x00000000feb00000, 0x0000000100000000, 0x0000000100000000)
  eden space 8192K, 100% used [0x00000000feb00000,0x00000000ff300000,0x00000000ff300000)
  from space 6656K, 7% used [0x00000000ff980000,0x00000000ff9fe260,0x0000000100000000)
  to   space 6656K, 0% used [0x00000000ff300000,0x00000000ff300000,0x00000000ff980000)
 ParOldGen       total 44032K, used 7663K [0x00000000fc000000, 0x00000000feb00000, 0x00000000feb00000)
  object space 44032K, 17% used [0x00000000fc000000,0x00000000fc77bdd0,0x00000000feb00000)
 Metaspace       used 8027K, capacity 8292K, committed 8448K, reserved 1056768K
  class space    used 904K, capacity 1002K, committed 1024K, reserved 1048576K
Event: 1.722 GC heap after
Heap after GC invocations=9 (full 0):
 PSYoungGen      total 14848K, used 224K [0x00000000feb00000, 0x0000000100000000, 0x0000000100000000)
  eden space 8192K, 0% used [0x00000000feb00000,0x00000000feb00000,0x00000000ff300000)
  from space 6656K, 3% used [0x00000000ff300000,0x00000000ff338000,0x00000000ff980000)
  to   space 6656K, 0% used [0x00000000ff980000,0x00000000ff980000,0x0000000100000000)
 ParOldGen       total 44032K, used 7775K [0x00000000fc000000, 0x00000000feb00000, 0x00000000feb00000)
  object space 44032K, 17% used [0x00000000fc000000,0x00000000fc797de0,0x00000000feb00000)
 Metaspace       used 8027K, capacity 8292K, committed 8448K, reserved 1056768K
  class space    used 904K, capacity 1002K, committed 1024K, reserved 1048576K
}

Deoptimization events (10 events):
Event: 0.980 Thread 0x00000000024f4000 Uncommon trap: reason=unstable_if action=reinterpret pc=0x00000000029542e8 method=java.io.BufferedOutputStream.write(I)V @ 9
Event: 1.032 Thread 0x00000000024f4000 Uncommon trap: reason=unstable_if action=reinterpret pc=0x000000000296dc34 method=org.objectweb.asm.Type.getArgumentsAndReturnSizes(Ljava/lang/String;)I @ 100
Event: 1.102 Thread 0x00000000024f4000 Uncommon trap: reason=unstable_if action=reinterpret pc=0x00000000029aa8b8 method=org.objectweb.asm.Type.getArgumentTypes(Ljava/lang/String;)[Lorg/objectweb/asm/Type; @ 58
Event: 1.238 Thread 0x00000000024f4000 Uncommon trap: reason=unstable_if action=reinterpret pc=0x00000000029cf030 method=org.objectweb.asm.ClassReader.readMethod(Lorg/objectweb/asm/ClassVisitor;Lorg/objectweb/asm/Context;I)I @ 304
Event: 1.282 Thread 0x00000000024f4000 Uncommon trap: reason=unstable_if action=reinterpret pc=0x00000000029abf1c method=org.objectweb.asm.Type.getArgumentsAndReturnSizes(Ljava/lang/String;)I @ 118
Event: 1.317 Thread 0x00000000024f4000 Uncommon trap: reason=unstable_if action=reinterpret pc=0x00000000029168d8 method=org.objectweb.asm.ClassReader.readUTF(II[C)Ljava/lang/String; @ 77
Event: 1.318 Thread 0x00000000024f4000 Uncommon trap: reason=unstable_if action=reinterpret pc=0x0000000002908294 method=org.objectweb.asm.ByteVector.putUTF8(Ljava/lang/String;)Lorg/objectweb/asm/ByteVector; @ 98
Event: 1.342 Thread 0x00000000024f4000 Uncommon trap: reason=unstable_if action=reinterpret pc=0x0000000002899118 method=java.lang.String.<init>([CII)V @ 18
Event: 1.359 Thread 0x00000000024f4000 Uncommon trap: reason=unstable_if action=reinterpret pc=0x00000000027d7af8 method=java.lang.String.<init>([CII)V @ 18
Event: 1.378 Thread 0x00000000024f4000 Uncommon trap: reason=unstable_if action=reinterpret pc=0x000000000289b538 method=org.objectweb.asm.ByteVector.putUTF8(Ljava/lang/String;)Lorg/objectweb/asm/ByteVector; @ 98

Classes redefined (0 events):
No events

Internal exceptions (10 events):
Event: 1.107 Thread 0x00000000024f4000 Exception <a 'sun/nio/fs/WindowsException'> (0x00000000ff9ad388) thrown at [D:\src\AOSP-openjdk-cygwin\jdk8u\hotspot\src\share\vm\prims\jni.cpp, line 709]
Event: 1.107 Thread 0x00000000024f4000 Exception <a 'sun/nio/fs/WindowsException'> (0x00000000ff9ad868) thrown at [D:\src\AOSP-openjdk-cygwin\jdk8u\hotspot\src\share\vm\prims\jni.cpp, line 709]
Event: 1.234 Thread 0x00000000024f4000 Exception <a 'sun/nio/fs/WindowsException'> (0x00000000ff9741b0) thrown at [D:\src\AOSP-openjdk-cygwin\jdk8u\hotspot\src\share\vm\prims\jni.cpp, line 709]
Event: 1.234 Thread 0x00000000024f4000 Exception <a 'sun/nio/fs/WindowsException'> (0x00000000ff974690) thrown at [D:\src\AOSP-openjdk-cygwin\jdk8u\hotspot\src\share\vm\prims\jni.cpp, line 709]
Event: 1.249 Thread 0x00000000024f4000 Exception <a 'sun/nio/fs/WindowsException'> (0x00000000ffa1a2d8) thrown at [D:\src\AOSP-openjdk-cygwin\jdk8u\hotspot\src\share\vm\prims\jni.cpp, line 709]
Event: 1.249 Thread 0x00000000024f4000 Exception <a 'sun/nio/fs/WindowsException'> (0x00000000ffa1a7b8) thrown at [D:\src\AOSP-openjdk-cygwin\jdk8u\hotspot\src\share\vm\prims\jni.cpp, line 709]
Event: 1.457 Thread 0x00000000024f4000 Exception <a 'sun/nio/fs/WindowsException'> (0x00000000ff1872a0) thrown at [D:\src\AOSP-openjdk-cygwin\jdk8u\hotspot\src\share\vm\prims\jni.cpp, line 709]
Event: 1.457 Thread 0x00000000024f4000 Exception <a 'sun/nio/fs/WindowsException'> (0x00000000ff187780) thrown at [D:\src\AOSP-openjdk-cygwin\jdk8u\hotspot\src\share\vm\prims\jni.cpp, line 709]
Event: 1.675 Thread 0x00000000024f4000 Exception <a 'sun/nio/fs/WindowsException'> (0x00000000febf81d8) thrown at [D:\src\AOSP-openjdk-cygwin\jdk8u\hotspot\src\share\vm\prims\jni.cpp, line 709]
Event: 1.675 Thread 0x00000000024f4000 Exception <a 'sun/nio/fs/WindowsException'> (0x00000000febf86b8) thrown at [D:\src\AOSP-openjdk-cygwin\jdk8u\hotspot\src\share\vm\prims\jni.cpp, line 709]

Events (10 events):
Event: 1.732 loading class com/google/devtools/build/android/desugar/Desugar$2
Event: 1.732 loading class com/google/devtools/build/android/desugar/Desugar$2 done
Event: 1.732 loading class java/nio/file/SimpleFileVisitor
Event: 1.732 loading class java/nio/file/SimpleFileVisitor done
Event: 1.733 loading class java/util/RegularEnumSet$EnumSetIterator
Event: 1.733 loading class java/util/RegularEnumSet$EnumSetIterator done
Event: 1.733 loading class java/nio/file/Files$3
Event: 1.733 loading class java/nio/file/Files$3 done
Event: 1.733 loading class java/nio/file/FileVisitResult
Event: 1.733 loading class java/nio/file/FileVisitResult done


Dynamic libraries:
0x00007ff7e8040000 - 0x00007ff7e8071000 	C:\Program Files\Android\Android Studio\jre\bin\java.exe
0x00007ff991160000 - 0x00007ff991341000 	C:\WINDOWS\SYSTEM32\ntdll.dll
0x00007ff991070000 - 0x00007ff991122000 	C:\WINDOWS\System32\KERNEL32.DLL
0x00007ff98dde0000 - 0x00007ff98e053000 	C:\WINDOWS\System32\KERNELBASE.dll
0x00007ff98f580000 - 0x00007ff98f621000 	C:\WINDOWS\System32\ADVAPI32.dll
0x00007ff990d80000 - 0x00007ff990e1e000 	C:\WINDOWS\System32\msvcrt.dll
0x00007ff990d20000 - 0x00007ff990d7b000 	C:\WINDOWS\System32\sechost.dll
0x00007ff98e670000 - 0x00007ff98e794000 	C:\WINDOWS\System32\RPCRT4.dll
0x00007ff990e30000 - 0x00007ff990fc0000 	C:\WINDOWS\System32\USER32.dll
0x00007ff98d530000 - 0x00007ff98d550000 	C:\WINDOWS\System32\win32u.dll
0x00007ff98f1a0000 - 0x00007ff98f1c8000 	C:\WINDOWS\System32\GDI32.dll
0x00007ff98e450000 - 0x00007ff98e5e2000 	C:\WINDOWS\System32\gdi32full.dll
0x00007ff98e0b0000 - 0x00007ff98e14f000 	C:\WINDOWS\System32\msvcp_win.dll
0x00007ff98d5d0000 - 0x00007ff98d6ca000 	C:\WINDOWS\System32\ucrtbase.dll
0x00007ff983c00000 - 0x00007ff983e69000 	C:\WINDOWS\WinSxS\amd64_microsoft.windows.common-controls_6595b64144ccf1df_6.0.17134.191_none_fb3e94b130690543\COMCTL32.dll
0x00007ff98ea20000 - 0x00007ff98ed43000 	C:\WINDOWS\System32\combase.dll
0x00007ff98d550000 - 0x00007ff98d5ca000 	C:\WINDOWS\System32\bcryptPrimitives.dll
0x00007ff98e9e0000 - 0x00007ff98ea0d000 	C:\WINDOWS\System32\IMM32.DLL
0x0000000059f50000 - 0x000000005a022000 	C:\Program Files\Android\Android Studio\jre\jre\bin\msvcr100.dll
0x000000005a030000 - 0x000000005a86f000 	C:\Program Files\Android\Android Studio\jre\jre\bin\server\jvm.dll
0x00007ff98ea10000 - 0x00007ff98ea18000 	C:\WINDOWS\System32\PSAPI.DLL
0x00007ff97dd60000 - 0x00007ff97dd69000 	C:\WINDOWS\SYSTEM32\WSOCK32.dll
0x00007ff98b790000 - 0x00007ff98b7b3000 	C:\WINDOWS\SYSTEM32\WINMM.dll
0x00007ff98f420000 - 0x00007ff98f48c000 	C:\WINDOWS\System32\WS2_32.dll
0x00007ff986240000 - 0x00007ff98624a000 	C:\WINDOWS\SYSTEM32\VERSION.dll
0x00007ff98b760000 - 0x00007ff98b78a000 	C:\WINDOWS\SYSTEM32\WINMMBASE.dll
0x00007ff98e060000 - 0x00007ff98e0a9000 	C:\WINDOWS\System32\cfgmgr32.dll
0x00007ff98b860000 - 0x00007ff98b86f000 	C:\Program Files\Android\Android Studio\jre\jre\bin\verify.dll
0x00007ff9845d0000 - 0x00007ff9845f9000 	C:\Program Files\Android\Android Studio\jre\jre\bin\java.dll
0x00007ff984650000 - 0x00007ff984666000 	C:\Program Files\Android\Android Studio\jre\jre\bin\zip.dll
0x00007ff98f630000 - 0x00007ff990a70000 	C:\WINDOWS\System32\SHELL32.dll
0x00007ff990fc0000 - 0x00007ff991069000 	C:\WINDOWS\System32\shcore.dll
0x00007ff98d6d0000 - 0x00007ff98dddd000 	C:\WINDOWS\System32\windows.storage.dll
0x00007ff98e610000 - 0x00007ff98e661000 	C:\WINDOWS\System32\shlwapi.dll
0x00007ff98d4f0000 - 0x00007ff98d501000 	C:\WINDOWS\System32\kernel.appcore.dll
0x00007ff98d4d0000 - 0x00007ff98d4ef000 	C:\WINDOWS\System32\profapi.dll
0x00007ff98d480000 - 0x00007ff98d4cc000 	C:\WINDOWS\System32\powrprof.dll
0x00007ff98d470000 - 0x00007ff98d47a000 	C:\WINDOWS\System32\FLTLIB.DLL
0x00007ff98ce40000 - 0x00007ff98ce57000 	C:\WINDOWS\SYSTEM32\CRYPTSP.dll
0x00007ff98c870000 - 0x00007ff98c8a3000 	C:\WINDOWS\system32\rsaenh.dll
0x00007ff98cfd0000 - 0x00007ff98cff5000 	C:\WINDOWS\SYSTEM32\bcrypt.dll
0x00007ff98d370000 - 0x00007ff98d398000 	C:\WINDOWS\SYSTEM32\USERENV.dll
0x00007ff98ce60000 - 0x00007ff98ce6b000 	C:\WINDOWS\SYSTEM32\CRYPTBASE.dll
0x00007ff983550000 - 0x00007ff98356a000 	C:\Program Files\Android\Android Studio\jre\jre\bin\net.dll
0x00007ff98cc90000 - 0x00007ff98ccf6000 	C:\WINDOWS\system32\mswsock.dll
0x00007ff98ca10000 - 0x00007ff98ca48000 	C:\WINDOWS\SYSTEM32\IPHLPAPI.DLL
0x00007ff990e20000 - 0x00007ff990e28000 	C:\WINDOWS\System32\NSI.dll
0x00007ff9868b0000 - 0x00007ff9868c6000 	C:\WINDOWS\SYSTEM32\dhcpcsvc6.DLL
0x00007ff986900000 - 0x00007ff98691a000 	C:\WINDOWS\SYSTEM32\dhcpcsvc.DLL
0x00007ff983530000 - 0x00007ff983541000 	C:\Program Files\Android\Android Studio\jre\jre\bin\nio.dll

VM Arguments:
jvm_args: -Djava.awt.headless=true -Xmx64M -Dfile.encoding=windows-1252 -Duser.country=BE -Duser.language=fr -Duser.variant 
java_command: com.google.devtools.build.android.desugar.Desugar --input C:\wignyTony\app\build\intermediates\transforms\stackFramesFixer\debug\20.jar --output C:\wignyTony\app\build\intermediates\transforms\desugar\debug\21.jar --input C:\wignyTony\app\build\intermediates\transforms\stackFramesFixer\debug\19.jar --output C:\wignyTony\app\build\intermediates\transforms\desugar\debug\20.jar --input C:\wignyTony\app\build\intermediates\transforms\stackFramesFixer\debug\13.jar --output C:\wignyTony\app\build\intermediates\transforms\desugar\debug\14.jar --input C:\wignyTony\app\build\intermediates\transforms\stackFramesFixer\debug\16.jar --output C:\wignyTony\app\build\intermediates\transforms\desugar\debug\17.jar --input C:\wignyTony\app\build\intermediates\transforms\stackFramesFixer\debug\8.jar --output C:\wignyTony\app\build\intermediates\transforms\desugar\debug\9.jar --input C:\wignyTony\app\build\intermediates\transforms\stackFramesFixer\debug\7.jar --output C:\wignyTony\app\build\intermediates\transforms\desugar\debug\8.jar --input C:\wignyTony\app\build\intermediates\transforms\stackFramesFixer\debug\0.jar --output C:\wignyTony\app\build\intermediates\transforms\desugar\debug\1.jar --input C:\wignyTony\app\build\intermediates\transforms\stackFramesFixer\debug\2.jar --output C:\wignyTony\app\build\intermediates\transforms\desugar\debug\3.jar --classpath_entry C:\wignyTony\app\build\intermediates\classes\debug --classpath_entry C:\wignyTony\app\build\intermediates\transforms\stackFramesFixer\debug\0.jar --classpath_entry C:\wignyTony\app\build\intermediates\transforms\stackFramesFixer\debug\1.jar --classpath_entry C:\wignyTony\app\build\intermediates\transforms\stackFramesFixer\debug\2.jar --classpath_entry C:\wignyTony\app\build\intermediates\transforms\stackFramesFixer\debug\3.jar --classpath_entry C:\wignyTony\app\build\intermediates\transforms\stackFramesFixer\debug\4.jar --classpath_entry C:\wignyTony\app\build\intermediates\transforms\stackFramesFixer\deb
java_class_path (initial): C:\Users\kossolax\AppData\Local\Temp\desugar_deploy.jar5170839152253746482
Launcher Type: SUN_STANDARD

Environment Variables:
PATH=C:\WINDOWS\System32\QtForCordial;C:\ProgramData\Oracle\Java\javapath;C:\Program Files (x86)\NVIDIA Corporation\PhysX\Common;%SystemRoot%\system32;%SystemRoot%;%SystemRoot%\System32\Wbem;%SYSTEMROOT%\System32\WindowsPowerShell\v1.0\;C:\Program Files\TortoiseSVN\bin;C:\Program Files (x86)\Druide\Antidote 9\Application\Bin64\;C:\Program Files (x86)\Druide\Antidote 9\Application\Bin32\;C:\Program Files\nodejs\;C:\Program Files\MiKTeX 2.9\miktex\bin\x64\;%SYSTEMROOT%\System32\OpenSSH\;C:\Users\kossolax\AppData\Local\Microsoft\WindowsApps;C:\Program Files (x86)\Microsoft VS Code\bin;C:\Users\kossolax\AppData\Roaming\npm;C:\Users\kossolax\AppData\Roaming\MiKTeX\2.9\miktex\bin\x64\;
USERNAME=kossolax
OS=Windows_NT
PROCESSOR_IDENTIFIER=Intel64 Family 6 Model 58 Stepping 9, GenuineIntel



---------------  S Y S T E M  ---------------

OS: Windows 10.0 , 64 bit Build 17134 (10.0.17134.1)

CPU:total 4 (initial active 4) (2 cores per cpu, 2 threads per core) family 6 model 58 stepping 9, cmov, cx8, fxsr, mmx, sse, sse2, sse3, ssse3, sse4.1, sse4.2, popcnt, avx, aes, clmul, erms, ht, tsc, tscinvbit, tscinv

Memory: 4k page, physical 8276428k(753700k free), swap 8276428k(5736k free)

vm_info: OpenJDK 64-Bit Server VM (25.152-b02) for windows-amd64 JRE (1.8.0_152-release-1024-b02), built by "builder" with MS VC++ 10.0 (VS2010)

time: Wed Aug 08 17:14:06 2018
elapsed time: 1 seconds (0d 0h 0m 1s)

