#
# There is insufficient memory for the Java Runtime Environment to continue.
# Native memory allocation (malloc) failed to allocate 1048576 bytes for AllocateHeap
# Possible reasons:
#   The system is out of physical RAM or swap space
#   In 32 bit mode, the process size limit was hit
# Possible solutions:
#   Reduce memory load on the system
#   Increase physical memory or swap space
#   Check if swap backing store is full
#   Use 64 bit Java on a 64 bit OS
#   Decrease Java heap size (-Xmx/-Xms)
#   Decrease number of Java threads
#   Decrease Java thread stack sizes (-Xss)
#   Set larger code cache with -XX:ReservedCodeCacheSize=
# This output file may be truncated or incomplete.
#
#  Out of Memory Error (memory/allocation.inline.hpp:61), pid=376, tid=0x00000000000002bc
#
# JRE version:  (8.0_152-b02) (build )
# Java VM: OpenJDK 64-Bit Server VM (25.152-b02 mixed mode windows-amd64 compressed oops)
# Failed to write core dump. Minidumps are not enabled by default on client versions of Windows
#

---------------  T H R E A D  ---------------

Current thread (0x0000000002ff3800):  JavaThread "Unknown thread" [_thread_in_vm, id=700, stack(0x0000000002cf0000,0x0000000002df0000)]

Stack: [0x0000000002cf0000,0x0000000002df0000]
[error occurred during error reporting (printing stack bounds), id 0xc0000005]

Native frames: (J=compiled Java code, j=interpreted, Vv=VM code, C=native code)


---------------  P R O C E S S  ---------------

Java Threads: ( => current thread )

Other Threads:

=>0x0000000002ff3800 (exited) JavaThread "Unknown thread" [_thread_in_vm, id=700, stack(0x0000000002cf0000,0x0000000002df0000)]

VM state:not at safepoint (normal execution)

VM Mutex/Monitor currently owned by a thread: None

Heap:
 PSYoungGen      total 18944K, used 327K [0x00000000feb00000, 0x0000000100000000, 0x0000000100000000)
  eden space 16384K, 2% used [0x00000000feb00000,0x00000000feb51ec8,0x00000000ffb00000)
  from space 2560K, 0% used [0x00000000ffd80000,0x00000000ffd80000,0x0000000100000000)
  to   space 2560K, 0% used [0x00000000ffb00000,0x00000000ffb00000,0x00000000ffd80000)
 ParOldGen       total 44032K, used 0K [0x00000000fc000000, 0x00000000feb00000, 0x00000000feb00000)
  object space 44032K, 0% used [0x00000000fc000000,0x00000000fc000000,0x00000000feb00000)
 Metaspace       used 783K, capacity 1156K, committed 1408K, reserved 1060864K
  class space    used 73K, capacity 384K, committed 384K, reserved 1048576K

Card table byte_map: [0x0000000002e10000,0x0000000002e40000] byte_map_base: 0x0000000002630000

Marking Bits: (ParMarkBitMap*) 0x000000005a814970
 Begin Bits: [0x00000000128b0000, 0x00000000129b0000)
 End Bits:   [0x00000000129b0000, 0x0000000012ab0000)

Polling page: 0x0000000001120000

CodeCache: size=245760Kb used=328Kb max_used=328Kb free=245431Kb
 bounds [0x00000000030f0000, 0x0000000003360000, 0x00000000120f0000]
 total_blobs=57 nmethods=0 adapters=38
 compilation: enabled

Compilation events (0 events):
No events

GC Heap History (0 events):
No events

Deoptimization events (0 events):
No events

Classes redefined (0 events):
No events

Internal exceptions (0 events):
No events

Events (10 events):
Event: 0.047 loading class java/lang/Short
Event: 0.047 loading class java/lang/Short done
Event: 0.047 loading class java/lang/Integer
Event: 0.047 loading class java/lang/Integer done
Event: 0.047 loading class java/lang/Long
Event: 0.047 loading class java/lang/Long done
Event: 0.048 loading class java/lang/NullPointerException
Event: 0.048 loading class java/lang/NullPointerException done
Event: 0.048 loading class java/lang/ArithmeticException
Event: 0.048 loading class java/lang/ArithmeticException done


Dynamic libraries:
0x00007ff70fbf0000 - 0x00007ff70fc21000 	C:\Program Files\Android\Android Studio\jre\bin\java.exe
0x00007ff991160000 - 0x00007ff991341000 	C:\WINDOWS\SYSTEM32\ntdll.dll
0x00007ff991070000 - 0x00007ff991122000 	C:\WINDOWS\System32\KERNEL32.DLL
0x00007ff98dde0000 - 0x00007ff98e053000 	C:\WINDOWS\System32\KERNELBASE.dll
0x00007ff98f580000 - 0x00007ff98f621000 	C:\WINDOWS\System32\ADVAPI32.dll
0x00007ff990d80000 - 0x00007ff990e1e000 	C:\WINDOWS\System32\msvcrt.dll
0x00007ff990d20000 - 0x00007ff990d7b000 	C:\WINDOWS\System32\sechost.dll
0x00007ff98e670000 - 0x00007ff98e794000 	C:\WINDOWS\System32\RPCRT4.dll
0x00007ff990e30000 - 0x00007ff990fc0000 	C:\WINDOWS\System32\USER32.dll
0x00007ff98d530000 - 0x00007ff98d550000 	C:\WINDOWS\System32\win32u.dll
0x00007ff98f1a0000 - 0x00007ff98f1c8000 	C:\WINDOWS\System32\GDI32.dll
0x00007ff98e450000 - 0x00007ff98e5e2000 	C:\WINDOWS\System32\gdi32full.dll
0x00007ff98e0b0000 - 0x00007ff98e14f000 	C:\WINDOWS\System32\msvcp_win.dll
0x00007ff98d5d0000 - 0x00007ff98d6ca000 	C:\WINDOWS\System32\ucrtbase.dll
0x00007ff983c00000 - 0x00007ff983e69000 	C:\WINDOWS\WinSxS\amd64_microsoft.windows.common-controls_6595b64144ccf1df_6.0.17134.191_none_fb3e94b130690543\COMCTL32.dll
0x00007ff98ea20000 - 0x00007ff98ed43000 	C:\WINDOWS\System32\combase.dll
0x00007ff98d550000 - 0x00007ff98d5ca000 	C:\WINDOWS\System32\bcryptPrimitives.dll
0x00007ff98e9e0000 - 0x00007ff98ea0d000 	C:\WINDOWS\System32\IMM32.DLL
0x0000000059f70000 - 0x000000005a042000 	C:\Program Files\Android\Android Studio\jre\jre\bin\msvcr100.dll
0x000000005a050000 - 0x000000005a88f000 	C:\Program Files\Android\Android Studio\jre\jre\bin\server\jvm.dll
0x00007ff98ea10000 - 0x00007ff98ea18000 	C:\WINDOWS\System32\PSAPI.DLL
0x00007ff97dd60000 - 0x00007ff97dd69000 	C:\WINDOWS\SYSTEM32\WSOCK32.dll
0x00007ff98f420000 - 0x00007ff98f48c000 	C:\WINDOWS\System32\WS2_32.dll
0x00007ff98b790000 - 0x00007ff98b7b3000 	C:\WINDOWS\SYSTEM32\WINMM.dll
0x00007ff986240000 - 0x00007ff98624a000 	C:\WINDOWS\SYSTEM32\VERSION.dll
0x00007ff98b760000 - 0x00007ff98b78a000 	C:\WINDOWS\SYSTEM32\WINMMBASE.dll
0x00007ff98e060000 - 0x00007ff98e0a9000 	C:\WINDOWS\System32\cfgmgr32.dll
0x00007ff989a20000 - 0x00007ff989a2f000 	C:\Program Files\Android\Android Studio\jre\jre\bin\verify.dll
0x00007ff97fa90000 - 0x00007ff97fab9000 	C:\Program Files\Android\Android Studio\jre\jre\bin\java.dll
0x00007ff9811c0000 - 0x00007ff9811d6000 	C:\Program Files\Android\Android Studio\jre\jre\bin\zip.dll

VM Arguments:
jvm_args: -Djava.awt.headless=true -Xmx64M -Dfile.encoding=windows-1252 -Duser.country=BE -Duser.language=fr -Duser.variant 
java_command: com.google.devtools.build.android.desugar.Desugar --input C:\wignyTony\app\build\intermediates\transforms\stackFramesFixer\debug\10.jar --output C:\wignyTony\app\build\intermediates\transforms\desugar\debug\11.jar --input C:\wignyTony\app\build\intermediates\transforms\stackFramesFixer\debug\1.jar --output C:\wignyTony\app\build\intermediates\transforms\desugar\debug\2.jar --input C:\wignyTony\app\build\intermediates\transforms\stackFramesFixer\debug\11.jar --output C:\wignyTony\app\build\intermediates\transforms\desugar\debug\12.jar --input C:\wignyTony\app\build\intermediates\transforms\stackFramesFixer\debug\8.jar --output C:\wignyTony\app\build\intermediates\transforms\desugar\debug\9.jar --input C:\wignyTony\app\build\intermediates\transforms\stackFramesFixer\debug\2.jar --output C:\wignyTony\app\build\intermediates\transforms\desugar\debug\3.jar --classpath_entry C:\wignyTony\app\build\intermediates\classes\debug --classpath_entry C:\wignyTony\app\build\intermediates\transforms\stackFramesFixer\debug\0.jar --classpath_entry C:\wignyTony\app\build\intermediates\transforms\stackFramesFixer\debug\1.jar --classpath_entry C:\wignyTony\app\build\intermediates\transforms\stackFramesFixer\debug\2.jar --classpath_entry C:\wignyTony\app\build\intermediates\transforms\stackFramesFixer\debug\3.jar --classpath_entry C:\wignyTony\app\build\intermediates\transforms\stackFramesFixer\debug\4.jar --classpath_entry C:\wignyTony\app\build\intermediates\transforms\stackFramesFixer\debug\5.jar --classpath_entry C:\wignyTony\app\build\intermediates\transforms\stackFramesFixer\debug\6.jar --classpath_entry C:\wignyTony\app\build\intermediates\transforms\stackFramesFixer\debug\7.jar --classpath_entry C:\wignyTony\app\build\intermediates\transforms\stackFramesFixer\debug\8.jar --classpath_entry C:\wignyTony\app\build\intermediates\transforms\stackFramesFixer\debug\9.jar --classpath_entry C:\wignyTony\app\build\intermediates\transforms\stackFramesFixer\debug\10.jar --cla
java_class_path (initial): C:\Users\kossolax\AppData\Local\Temp\desugar_deploy.jar4424847768847393513
Launcher Type: SUN_STANDARD

Environment Variables:
PATH=C:\WINDOWS\System32\QtForCordial;C:\ProgramData\Oracle\Java\javapath;C:\Program Files (x86)\NVIDIA Corporation\PhysX\Common;%SystemRoot%\system32;%SystemRoot%;%SystemRoot%\System32\Wbem;%SYSTEMROOT%\System32\WindowsPowerShell\v1.0\;C:\Program Files\TortoiseSVN\bin;C:\Program Files (x86)\Druide\Antidote 9\Application\Bin64\;C:\Program Files (x86)\Druide\Antidote 9\Application\Bin32\;C:\Program Files\nodejs\;C:\Program Files\MiKTeX 2.9\miktex\bin\x64\;%SYSTEMROOT%\System32\OpenSSH\;C:\Users\kossolax\AppData\Local\Microsoft\WindowsApps;C:\Program Files (x86)\Microsoft VS Code\bin;C:\Users\kossolax\AppData\Roaming\npm;C:\Users\kossolax\AppData\Roaming\MiKTeX\2.9\miktex\bin\x64\;
USERNAME=kossolax
OS=Windows_NT
PROCESSOR_IDENTIFIER=Intel64 Family 6 Model 58 Stepping 9, GenuineIntel



---------------  S Y S T E M  ---------------

OS: Windows 10.0 , 64 bit Build 17134 (10.0.17134.1)

CPU:total 4 (initial active 4) (2 cores per cpu, 2 threads per core) family 6 model 58 stepping 9, cmov, cx8, fxsr, mmx, sse, sse2, sse3, ssse3, sse4.1, sse4.2, popcnt, avx, aes, clmul, erms, ht, tsc, tscinvbit, tscinv

Memory: 4k page, physical 8276428k(932284k free), swap 8276428k(6328k free)

vm_info: OpenJDK 64-Bit Server VM (25.152-b02) for windows-amd64 JRE (1.8.0_152-release-1024-b02), built by "builder" with MS VC++ 10.0 (VS2010)

time: Tue Aug 07 15:46:45 2018
elapsed time: 0 seconds (0d 0h 0m 0s)

